<?xml version="1.0" encoding="UTF-8"?>
<testsuite xmlns:xsi="http://www.w3.org/2001/XMLSchema-instance" xsi:noNamespaceSchemaLocation="https://maven.apache.org/surefire/maven-surefire-plugin/xsd/surefire-test-report.xsd" name="edu.westga.cs3211.discountFinder.test.model.discountFinder.TestConstructor" time="0.201" tests="1" errors="0" skipped="0" failures="0">
  <properties>
[...]
</properties>
  <testcase name="testDefaultConstructor" classname="edu.westga.cs3211.discountFinder.test.model.discountFinder.TestConstructor" time="0.142"/>
</testsuite>